2025-04-15T11:10:52.611+02:00  INFO 4220 --- [spring-boot1] [restartedMain] c.a.spring_boot1.SpringBoot1Application  : Starting SpringBoot1Application using Java 21.0.3 with PID 4220 (C:\Users\amjpa\IdeaProjects\spring-boot1\target\classes started by amjpa in C:\Users\amjpa\IdeaProjects\spring-boot1)
2025-04-15T11:10:52.620+02:00  INFO 4220 --- [spring-boot1] [restartedMain] c.a.spring_boot1.SpringBoot1Application  : The following 1 profile is active: "series"
2025-04-15T11:10:52.678+02:00  INFO 4220 --- [spring-boot1] [restartedMain] .e.DevToolsPropertyDefaultsPostProcessor : Devtools property defaults active! Set 'spring.devtools.add-properties' to 'false' to disable
2025-04-15T11:10:52.678+02:00  INFO 4220 --- [spring-boot1] [restartedMain] .e.DevToolsPropertyDefaultsPostProcessor : For additional web related logging consider setting the 'logging.level.web' property to 'DEBUG'
2025-04-15T11:10:53.648+02:00  INFO 4220 --- [spring-boot1] [restartedMain] o.s.b.w.embedded.tomcat.TomcatWebServer  : Tomcat initialized with port 9090 (http)
2025-04-15T11:10:53.667+02:00  INFO 4220 --- [spring-boot1] [restartedMain] o.apache.catalina.core.StandardService   : Starting service [Tomcat]
2025-04-15T11:10:53.667+02:00  INFO 4220 --- [spring-boot1] [restartedMain] o.apache.catalina.core.StandardEngine    : Starting Servlet engine: [Apache Tomcat/10.1.39]
2025-04-15T11:10:53.701+02:00  INFO 4220 --- [spring-boot1] [restartedMain] o.a.c.c.C.[.[.[/series-stones]           : Initializing Spring embedded WebApplicationContext
2025-04-15T11:10:53.702+02:00  INFO 4220 --- [spring-boot1] [restartedMain] w.s.c.ServletWebServerApplicationContext : Root WebApplicationContext: initialization completed in 1023 ms
2025-04-15T11:10:54.120+02:00  INFO 4220 --- [spring-boot1] [restartedMain] o.s.b.d.a.OptionalLiveReloadServer       : LiveReload server is running on port 35729
2025-04-15T11:10:54.154+02:00  INFO 4220 --- [spring-boot1] [restartedMain] o.s.b.w.embedded.tomcat.TomcatWebServer  : Tomcat started on port 9090 (http) with context path '/series-stones'
2025-04-15T11:10:54.163+02:00  INFO 4220 --- [spring-boot1] [restartedMain] c.a.spring_boot1.SpringBoot1Application  : Started SpringBoot1Application in 2.012 seconds (process running for 2.427)
2025-04-15T11:11:42.480+02:00  INFO 4220 --- [spring-boot1] [SpringApplicationShutdownHook] o.s.b.w.e.tomcat.GracefulShutdown        : Commencing graceful shutdown. Waiting for active requests to complete
2025-04-15T11:11:42.487+02:00  INFO 4220 --- [spring-boot1] [tomcat-shutdown] o.s.b.w.e.tomcat.GracefulShutdown        : Graceful shutdown complete
2025-04-15T11:21:43.416+02:00  INFO 15620 --- [spring-boot1] [restartedMain] c.a.spring_boot1.SpringBoot1Application  : Starting SpringBoot1Application using Java 21.0.3 with PID 15620 (C:\Users\amjpa\IdeaProjects\spring-boot1\target\classes started by amjpa in C:\Users\amjpa\IdeaProjects\spring-boot1)
2025-04-15T11:21:43.418+02:00  INFO 15620 --- [spring-boot1] [restartedMain] c.a.spring_boot1.SpringBoot1Application  : The following 1 profile is active: "series"
2025-04-15T11:21:43.471+02:00  INFO 15620 --- [spring-boot1] [restartedMain] .e.DevToolsPropertyDefaultsPostProcessor : Devtools property defaults active! Set 'spring.devtools.add-properties' to 'false' to disable
2025-04-15T11:21:43.471+02:00  INFO 15620 --- [spring-boot1] [restartedMain] .e.DevToolsPropertyDefaultsPostProcessor : For additional web related logging consider setting the 'logging.level.web' property to 'DEBUG'
2025-04-15T11:21:44.460+02:00  INFO 15620 --- [spring-boot1] [restartedMain] o.s.b.w.embedded.tomcat.TomcatWebServer  : Tomcat initialized with port 9090 (http)
2025-04-15T11:21:44.474+02:00  INFO 15620 --- [spring-boot1] [restartedMain] o.apache.catalina.core.StandardService   : Starting service [Tomcat]
2025-04-15T11:21:44.474+02:00  INFO 15620 --- [spring-boot1] [restartedMain] o.apache.catalina.core.StandardEngine    : Starting Servlet engine: [Apache Tomcat/10.1.39]
2025-04-15T11:21:44.516+02:00  INFO 15620 --- [spring-boot1] [restartedMain] o.a.c.c.C.[.[.[/series-stones]           : Initializing Spring embedded WebApplicationContext
2025-04-15T11:21:44.516+02:00  INFO 15620 --- [spring-boot1] [restartedMain] w.s.c.ServletWebServerApplicationContext : Root WebApplicationContext: initialization completed in 1044 ms
2025-04-15T11:21:44.885+02:00  INFO 15620 --- [spring-boot1] [restartedMain] o.s.b.d.a.OptionalLiveReloadServer       : LiveReload server is running on port 35729
2025-04-15T11:21:44.923+02:00  INFO 15620 --- [spring-boot1] [restartedMain] o.s.b.w.embedded.tomcat.TomcatWebServer  : Tomcat started on port 9090 (http) with context path '/series-stones'
2025-04-15T11:21:44.931+02:00  INFO 15620 --- [spring-boot1] [restartedMain] c.a.spring_boot1.SpringBoot1Application  : Started SpringBoot1Application in 1.988 seconds (process running for 2.417)
2025-04-15T11:21:51.360+02:00  INFO 15620 --- [spring-boot1] [SpringApplicationShutdownHook] o.s.b.w.e.tomcat.GracefulShutdown        : Commencing graceful shutdown. Waiting for active requests to complete
2025-04-15T11:21:51.366+02:00  INFO 15620 --- [spring-boot1] [tomcat-shutdown] o.s.b.w.e.tomcat.GracefulShutdown        : Graceful shutdown complete
2025-04-15T11:22:49.629+02:00  INFO 11428 --- [spring-boot1] [restartedMain] c.a.spring_boot1.SpringBoot1Application  : Starting SpringBoot1Application using Java 21.0.3 with PID 11428 (C:\Users\amjpa\IdeaProjects\spring-boot1\target\classes started by amjpa in C:\Users\amjpa\IdeaProjects\spring-boot1)
2025-04-15T11:22:49.631+02:00  INFO 11428 --- [spring-boot1] [restartedMain] c.a.spring_boot1.SpringBoot1Application  : The following 1 profile is active: "series"
2025-04-15T11:22:49.688+02:00  INFO 11428 --- [spring-boot1] [restartedMain] .e.DevToolsPropertyDefaultsPostProcessor : Devtools property defaults active! Set 'spring.devtools.add-properties' to 'false' to disable
2025-04-15T11:22:49.688+02:00  INFO 11428 --- [spring-boot1] [restartedMain] .e.DevToolsPropertyDefaultsPostProcessor : For additional web related logging consider setting the 'logging.level.web' property to 'DEBUG'
2025-04-15T11:22:50.676+02:00  INFO 11428 --- [spring-boot1] [restartedMain] o.s.b.w.embedded.tomcat.TomcatWebServer  : Tomcat initialized with port 9090 (http)
2025-04-15T11:22:50.688+02:00  INFO 11428 --- [spring-boot1] [restartedMain] o.apache.catalina.core.StandardService   : Starting service [Tomcat]
2025-04-15T11:22:50.688+02:00  INFO 11428 --- [spring-boot1] [restartedMain] o.apache.catalina.core.StandardEngine    : Starting Servlet engine: [Apache Tomcat/10.1.39]
2025-04-15T11:22:50.722+02:00  INFO 11428 --- [spring-boot1] [restartedMain] o.a.c.c.C.[.[.[/series-stones]           : Initializing Spring embedded WebApplicationContext
2025-04-15T11:22:50.722+02:00  INFO 11428 --- [spring-boot1] [restartedMain] w.s.c.ServletWebServerApplicationContext : Root WebApplicationContext: initialization completed in 1033 ms
2025-04-15T11:22:51.123+02:00  INFO 11428 --- [spring-boot1] [restartedMain] o.s.b.d.a.OptionalLiveReloadServer       : LiveReload server is running on port 35729
2025-04-15T11:22:51.163+02:00  INFO 11428 --- [spring-boot1] [restartedMain] o.s.b.w.embedded.tomcat.TomcatWebServer  : Tomcat started on port 9090 (http) with context path '/series-stones'
2025-04-15T11:22:51.171+02:00  INFO 11428 --- [spring-boot1] [restartedMain] c.a.spring_boot1.SpringBoot1Application  : Started SpringBoot1Application in 2.026 seconds (process running for 2.542)
2025-04-15T11:23:37.604+02:00  INFO 11428 --- [spring-boot1] [SpringApplicationShutdownHook] o.s.b.w.e.tomcat.GracefulShutdown        : Commencing graceful shutdown. Waiting for active requests to complete
2025-04-15T11:23:37.609+02:00  INFO 11428 --- [spring-boot1] [tomcat-shutdown] o.s.b.w.e.tomcat.GracefulShutdown        : Graceful shutdown complete
2025-04-15T11:27:30.839+02:00  INFO 6172 --- [spring-boot1] [restartedMain] c.a.spring_boot1.SpringBoot1Application  : Starting SpringBoot1Application using Java 21.0.3 with PID 6172 (C:\Users\amjpa\IdeaProjects\spring-boot1\target\classes started by amjpa in C:\Users\amjpa\IdeaProjects\spring-boot1)
2025-04-15T11:27:30.842+02:00  INFO 6172 --- [spring-boot1] [restartedMain] c.a.spring_boot1.SpringBoot1Application  : The following 1 profile is active: "series"
2025-04-15T11:27:30.898+02:00  INFO 6172 --- [spring-boot1] [restartedMain] .e.DevToolsPropertyDefaultsPostProcessor : Devtools property defaults active! Set 'spring.devtools.add-properties' to 'false' to disable
2025-04-15T11:27:30.898+02:00  INFO 6172 --- [spring-boot1] [restartedMain] .e.DevToolsPropertyDefaultsPostProcessor : For additional web related logging consider setting the 'logging.level.web' property to 'DEBUG'
2025-04-15T11:27:31.876+02:00  INFO 6172 --- [spring-boot1] [restartedMain] o.s.b.w.embedded.tomcat.TomcatWebServer  : Tomcat initialized with port 9090 (http)
2025-04-15T11:27:31.888+02:00  INFO 6172 --- [spring-boot1] [restartedMain] o.apache.catalina.core.StandardService   : Starting service [Tomcat]
2025-04-15T11:27:31.889+02:00  INFO 6172 --- [spring-boot1] [restartedMain] o.apache.catalina.core.StandardEngine    : Starting Servlet engine: [Apache Tomcat/10.1.39]
2025-04-15T11:27:31.927+02:00  INFO 6172 --- [spring-boot1] [restartedMain] o.a.c.c.C.[.[.[/series-stones]           : Initializing Spring embedded WebApplicationContext
2025-04-15T11:27:31.928+02:00  INFO 6172 --- [spring-boot1] [restartedMain] w.s.c.ServletWebServerApplicationContext : Root WebApplicationContext: initialization completed in 1029 ms
2025-04-15T11:27:31.997+02:00  INFO 6172 --- [spring-boot1] [restartedMain] c.a.s.configs.StoneConfigSeries          : Loading subtitles: http://series.xyz, with profile: series
2025-04-15T11:27:32.312+02:00  INFO 6172 --- [spring-boot1] [restartedMain] o.s.b.d.a.OptionalLiveReloadServer       : LiveReload server is running on port 35729
2025-04-15T11:27:32.345+02:00  INFO 6172 --- [spring-boot1] [restartedMain] o.s.b.w.embedded.tomcat.TomcatWebServer  : Tomcat started on port 9090 (http) with context path '/series-stones'
2025-04-15T11:27:32.364+02:00  INFO 6172 --- [spring-boot1] [restartedMain] c.a.spring_boot1.SpringBoot1Application  : Started SpringBoot1Application in 1.994 seconds (process running for 2.404)
2025-04-15T11:27:38.260+02:00  INFO 6172 --- [spring-boot1] [SpringApplicationShutdownHook] o.s.b.w.e.tomcat.GracefulShutdown        : Commencing graceful shutdown. Waiting for active requests to complete
2025-04-15T11:27:38.265+02:00  INFO 6172 --- [spring-boot1] [tomcat-shutdown] o.s.b.w.e.tomcat.GracefulShutdown        : Graceful shutdown complete
