2025-04-14T17:35:22.305+02:00  INFO 15184 --- [spring-boot1] [restartedMain] c.a.spring_boot1.SpringBoot1Application  : Starting SpringBoot1Application using Java 21.0.3 with PID 15184 (C:\Users\amjpa\IdeaProjects\spring-boot1\target\classes started by amjpa in C:\Users\amjpa\IdeaProjects\spring-boot1)
2025-04-14T17:35:22.314+02:00  INFO 15184 --- [spring-boot1] [restartedMain] c.a.spring_boot1.SpringBoot1Application  : No active profile set, falling back to 1 default profile: "default"
2025-04-14T17:35:22.373+02:00  INFO 15184 --- [spring-boot1] [restartedMain] .e.DevToolsPropertyDefaultsPostProcessor : Devtools property defaults active! Set 'spring.devtools.add-properties' to 'false' to disable
2025-04-14T17:35:22.373+02:00  INFO 15184 --- [spring-boot1] [restartedMain] .e.DevToolsPropertyDefaultsPostProcessor : For additional web related logging consider setting the 'logging.level.web' property to 'DEBUG'
2025-04-14T17:35:23.464+02:00  INFO 15184 --- [spring-boot1] [restartedMain] o.s.b.w.embedded.tomcat.TomcatWebServer  : Tomcat initialized with port 9090 (http)
2025-04-14T17:35:23.482+02:00  INFO 15184 --- [spring-boot1] [restartedMain] o.apache.catalina.core.StandardService   : Starting service [Tomcat]
2025-04-14T17:35:23.483+02:00  INFO 15184 --- [spring-boot1] [restartedMain] o.apache.catalina.core.StandardEngine    : Starting Servlet engine: [Apache Tomcat/10.1.39]
2025-04-14T17:35:23.522+02:00  INFO 15184 --- [spring-boot1] [restartedMain] o.a.c.c.C.[.[localhost].[/stones]        : Initializing Spring embedded WebApplicationContext
2025-04-14T17:35:23.522+02:00  INFO 15184 --- [spring-boot1] [restartedMain] w.s.c.ServletWebServerApplicationContext : Root WebApplicationContext: initialization completed in 1148 ms
2025-04-14T17:35:23.896+02:00  INFO 15184 --- [spring-boot1] [restartedMain] o.s.b.d.a.OptionalLiveReloadServer       : LiveReload server is running on port 35729
2025-04-14T17:35:23.935+02:00  INFO 15184 --- [spring-boot1] [restartedMain] o.s.b.w.embedded.tomcat.TomcatWebServer  : Tomcat started on port 9090 (http) with context path '/stones'
2025-04-14T17:35:23.944+02:00  INFO 15184 --- [spring-boot1] [restartedMain] c.a.spring_boot1.SpringBoot1Application  : Started SpringBoot1Application in 2.134 seconds (process running for 2.597)
2025-04-14T17:36:54.701+02:00  INFO 15184 --- [spring-boot1] [SpringApplicationShutdownHook] o.s.b.w.e.tomcat.GracefulShutdown        : Commencing graceful shutdown. Waiting for active requests to complete
2025-04-14T17:36:54.709+02:00  INFO 15184 --- [spring-boot1] [tomcat-shutdown] o.s.b.w.e.tomcat.GracefulShutdown        : Graceful shutdown complete
2025-04-14T17:36:57.746+02:00  INFO 3608 --- [spring-boot1] [restartedMain] c.a.spring_boot1.SpringBoot1Application  : Starting SpringBoot1Application using Java 21.0.3 with PID 3608 (C:\Users\amjpa\IdeaProjects\spring-boot1\target\classes started by amjpa in C:\Users\amjpa\IdeaProjects\spring-boot1)
2025-04-14T17:36:57.748+02:00  INFO 3608 --- [spring-boot1] [restartedMain] c.a.spring_boot1.SpringBoot1Application  : No active profile set, falling back to 1 default profile: "default"
2025-04-14T17:36:57.804+02:00  INFO 3608 --- [spring-boot1] [restartedMain] .e.DevToolsPropertyDefaultsPostProcessor : Devtools property defaults active! Set 'spring.devtools.add-properties' to 'false' to disable
2025-04-14T17:36:57.804+02:00  INFO 3608 --- [spring-boot1] [restartedMain] .e.DevToolsPropertyDefaultsPostProcessor : For additional web related logging consider setting the 'logging.level.web' property to 'DEBUG'
2025-04-14T17:36:58.827+02:00  INFO 3608 --- [spring-boot1] [restartedMain] o.s.b.w.embedded.tomcat.TomcatWebServer  : Tomcat initialized with port 9090 (http)
2025-04-14T17:36:58.843+02:00  INFO 3608 --- [spring-boot1] [restartedMain] o.apache.catalina.core.StandardService   : Starting service [Tomcat]
2025-04-14T17:36:58.843+02:00  INFO 3608 --- [spring-boot1] [restartedMain] o.apache.catalina.core.StandardEngine    : Starting Servlet engine: [Apache Tomcat/10.1.39]
2025-04-14T17:36:58.883+02:00  INFO 3608 --- [spring-boot1] [restartedMain] o.a.c.c.C.[.[localhost].[/stones]        : Initializing Spring embedded WebApplicationContext
2025-04-14T17:36:58.884+02:00  INFO 3608 --- [spring-boot1] [restartedMain] w.s.c.ServletWebServerApplicationContext : Root WebApplicationContext: initialization completed in 1080 ms
2025-04-14T17:36:58.940+02:00  WARN 3608 --- [spring-boot1] [restartedMain] ConfigServletWebServerApplicationContext : Exception encountered during context initialization - cancelling refresh attempt: org.springframework.beans.factory.UnsatisfiedDependencyException: Error creating bean with name 'springBoot1Application': Unsatisfied dependency expressed through field 'powerStone': Error creating bean with name 'stoneConfigs': Injection of autowired dependencies failed
2025-04-14T17:36:58.944+02:00  INFO 3608 --- [spring-boot1] [restartedMain] o.apache.catalina.core.StandardService   : Stopping service [Tomcat]
2025-04-14T17:36:58.955+02:00  INFO 3608 --- [spring-boot1] [restartedMain] .s.b.a.l.ConditionEvaluationReportLogger : 

Error starting ApplicationContext. To display the condition evaluation report re-run your application with 'debug' enabled.
2025-04-14T17:36:58.996+02:00 ERROR 3608 --- [spring-boot1] [restartedMain] o.s.boot.SpringApplication               : Application run failed

org.springframework.beans.factory.UnsatisfiedDependencyException: Error creating bean with name 'springBoot1Application': Unsatisfied dependency expressed through field 'powerStone': Error creating bean with name 'stoneConfigs': Injection of autowired dependencies failed
	at org.springframework.beans.factory.annotation.AutowiredAnnotationBeanPostProcessor$AutowiredFieldElement.resolveFieldValue(AutowiredAnnotationBeanPostProcessor.java:788) ~[spring-beans-6.2.5.jar:6.2.5]
	at org.springframework.beans.factory.annotation.AutowiredAnnotationBeanPostProcessor$AutowiredFieldElement.inject(AutowiredAnnotationBeanPostProcessor.java:768) ~[spring-beans-6.2.5.jar:6.2.5]
	at org.springframework.beans.factory.annotation.InjectionMetadata.inject(InjectionMetadata.java:146) ~[spring-beans-6.2.5.jar:6.2.5]
	at org.springframework.beans.factory.annotation.AutowiredAnnotationBeanPostProcessor.postProcessProperties(AutowiredAnnotationBeanPostProcessor.java:509) ~[spring-beans-6.2.5.jar:6.2.5]
	at org.springframework.beans.factory.support.AbstractAutowireCapableBeanFactory.populateBean(AbstractAutowireCapableBeanFactory.java:1445) ~[spring-beans-6.2.5.jar:6.2.5]
	at org.springframework.beans.factory.support.AbstractAutowireCapableBeanFactory.doCreateBean(AbstractAutowireCapableBeanFactory.java:600) ~[spring-beans-6.2.5.jar:6.2.5]
	at org.springframework.beans.factory.support.AbstractAutowireCapableBeanFactory.createBean(AbstractAutowireCapableBeanFactory.java:523) ~[spring-beans-6.2.5.jar:6.2.5]
	at org.springframework.beans.factory.support.AbstractBeanFactory.lambda$doGetBean$0(AbstractBeanFactory.java:339) ~[spring-beans-6.2.5.jar:6.2.5]
	at org.springframework.beans.factory.support.DefaultSingletonBeanRegistry.getSingleton(DefaultSingletonBeanRegistry.java:347) ~[spring-beans-6.2.5.jar:6.2.5]
	at org.springframework.beans.factory.support.AbstractBeanFactory.doGetBean(AbstractBeanFactory.java:337) ~[spring-beans-6.2.5.jar:6.2.5]
	at org.springframework.beans.factory.support.AbstractBeanFactory.getBean(AbstractBeanFactory.java:202) ~[spring-beans-6.2.5.jar:6.2.5]
	at org.springframework.beans.factory.support.DefaultListableBeanFactory.instantiateSingleton(DefaultListableBeanFactory.java:1155) ~[spring-beans-6.2.5.jar:6.2.5]
	at org.springframework.beans.factory.support.DefaultListableBeanFactory.preInstantiateSingleton(DefaultListableBeanFactory.java:1121) ~[spring-beans-6.2.5.jar:6.2.5]
	at org.springframework.beans.factory.support.DefaultListableBeanFactory.preInstantiateSingletons(DefaultListableBeanFactory.java:1056) ~[spring-beans-6.2.5.jar:6.2.5]
	at org.springframework.context.support.AbstractApplicationContext.finishBeanFactoryInitialization(AbstractApplicationContext.java:987) ~[spring-context-6.2.5.jar:6.2.5]
	at org.springframework.context.support.AbstractApplicationContext.refresh(AbstractApplicationContext.java:627) ~[spring-context-6.2.5.jar:6.2.5]
	at org.springframework.boot.web.servlet.context.ServletWebServerApplicationContext.refresh(ServletWebServerApplicationContext.java:146) ~[spring-boot-3.4.4.jar:3.4.4]
	at org.springframework.boot.SpringApplication.refresh(SpringApplication.java:752) ~[spring-boot-3.4.4.jar:3.4.4]
	at org.springframework.boot.SpringApplication.refreshContext(SpringApplication.java:439) ~[spring-boot-3.4.4.jar:3.4.4]
	at org.springframework.boot.SpringApplication.run(SpringApplication.java:318) ~[spring-boot-3.4.4.jar:3.4.4]
	at org.springframework.boot.SpringApplication.run(SpringApplication.java:1361) ~[spring-boot-3.4.4.jar:3.4.4]
	at org.springframework.boot.SpringApplication.run(SpringApplication.java:1350) ~[spring-boot-3.4.4.jar:3.4.4]
	at com.alejandromj.spring_boot1.SpringBoot1Application.main(SpringBoot1Application.java:34) ~[classes/:na]
	at java.base/jdk.internal.reflect.DirectMethodHandleAccessor.invoke(DirectMethodHandleAccessor.java:103) ~[na:na]
	at java.base/java.lang.reflect.Method.invoke(Method.java:580) ~[na:na]
	at org.springframework.boot.devtools.restart.RestartLauncher.run(RestartLauncher.java:50) ~[spring-boot-devtools-3.4.4.jar:3.4.4]
Caused by: org.springframework.beans.factory.BeanCreationException: Error creating bean with name 'stoneConfigs': Injection of autowired dependencies failed
	at org.springframework.beans.factory.annotation.AutowiredAnnotationBeanPostProcessor.postProcessProperties(AutowiredAnnotationBeanPostProcessor.java:515) ~[spring-beans-6.2.5.jar:6.2.5]
	at org.springframework.beans.factory.support.AbstractAutowireCapableBeanFactory.populateBean(AbstractAutowireCapableBeanFactory.java:1445) ~[spring-beans-6.2.5.jar:6.2.5]
	at org.springframework.beans.factory.support.AbstractAutowireCapableBeanFactory.doCreateBean(AbstractAutowireCapableBeanFactory.java:600) ~[spring-beans-6.2.5.jar:6.2.5]
	at org.springframework.beans.factory.support.AbstractAutowireCapableBeanFactory.createBean(AbstractAutowireCapableBeanFactory.java:523) ~[spring-beans-6.2.5.jar:6.2.5]
	at org.springframework.beans.factory.support.AbstractBeanFactory.lambda$doGetBean$0(AbstractBeanFactory.java:339) ~[spring-beans-6.2.5.jar:6.2.5]
	at org.springframework.beans.factory.support.DefaultSingletonBeanRegistry.getSingleton(DefaultSingletonBeanRegistry.java:347) ~[spring-beans-6.2.5.jar:6.2.5]
	at org.springframework.beans.factory.support.AbstractBeanFactory.doGetBean(AbstractBeanFactory.java:337) ~[spring-beans-6.2.5.jar:6.2.5]
	at org.springframework.beans.factory.support.AbstractBeanFactory.getBean(AbstractBeanFactory.java:202) ~[spring-beans-6.2.5.jar:6.2.5]
	at org.springframework.beans.factory.support.ConstructorResolver.instantiateUsingFactoryMethod(ConstructorResolver.java:413) ~[spring-beans-6.2.5.jar:6.2.5]
	at org.springframework.beans.factory.support.AbstractAutowireCapableBeanFactory.instantiateUsingFactoryMethod(AbstractAutowireCapableBeanFactory.java:1361) ~[spring-beans-6.2.5.jar:6.2.5]
	at org.springframework.beans.factory.support.AbstractAutowireCapableBeanFactory.createBeanInstance(AbstractAutowireCapableBeanFactory.java:1191) ~[spring-beans-6.2.5.jar:6.2.5]
	at org.springframework.beans.factory.support.AbstractAutowireCapableBeanFactory.doCreateBean(AbstractAutowireCapableBeanFactory.java:563) ~[spring-beans-6.2.5.jar:6.2.5]
	at org.springframework.beans.factory.support.AbstractAutowireCapableBeanFactory.createBean(AbstractAutowireCapableBeanFactory.java:523) ~[spring-beans-6.2.5.jar:6.2.5]
	at org.springframework.beans.factory.support.AbstractBeanFactory.doGetBean(AbstractBeanFactory.java:357) ~[spring-beans-6.2.5.jar:6.2.5]
	at org.springframework.beans.factory.support.AbstractBeanFactory.getBean(AbstractBeanFactory.java:202) ~[spring-beans-6.2.5.jar:6.2.5]
	at org.springframework.beans.factory.config.DependencyDescriptor.resolveCandidate(DependencyDescriptor.java:254) ~[spring-beans-6.2.5.jar:6.2.5]
	at org.springframework.beans.factory.support.DefaultListableBeanFactory.doResolveDependency(DefaultListableBeanFactory.java:1667) ~[spring-beans-6.2.5.jar:6.2.5]
	at org.springframework.beans.factory.support.DefaultListableBeanFactory.resolveDependency(DefaultListableBeanFactory.java:1555) ~[spring-beans-6.2.5.jar:6.2.5]
	at org.springframework.beans.factory.annotation.AutowiredAnnotationBeanPostProcessor$AutowiredFieldElement.resolveFieldValue(AutowiredAnnotationBeanPostProcessor.java:785) ~[spring-beans-6.2.5.jar:6.2.5]
	... 25 common frames omitted
Caused by: org.springframework.util.PlaceholderResolutionException: Could not resolve placeholder 'stone.mind_stone.color' in value "${stone.mind_stone.color}"
	at org.springframework.util.PlaceholderResolutionException.withValue(PlaceholderResolutionException.java:81) ~[spring-core-6.2.5.jar:6.2.5]
	at org.springframework.util.PlaceholderParser$ParsedValue.resolve(PlaceholderParser.java:423) ~[spring-core-6.2.5.jar:6.2.5]
	at org.springframework.util.PlaceholderParser.replacePlaceholders(PlaceholderParser.java:128) ~[spring-core-6.2.5.jar:6.2.5]
	at org.springframework.util.PropertyPlaceholderHelper.parseStringValue(PropertyPlaceholderHelper.java:118) ~[spring-core-6.2.5.jar:6.2.5]
	at org.springframework.util.PropertyPlaceholderHelper.replacePlaceholders(PropertyPlaceholderHelper.java:114) ~[spring-core-6.2.5.jar:6.2.5]
	at org.springframework.core.env.AbstractPropertyResolver.doResolvePlaceholders(AbstractPropertyResolver.java:255) ~[spring-core-6.2.5.jar:6.2.5]
	at org.springframework.core.env.AbstractPropertyResolver.resolveRequiredPlaceholders(AbstractPropertyResolver.java:226) ~[spring-core-6.2.5.jar:6.2.5]
	at org.springframework.context.support.PropertySourcesPlaceholderConfigurer.lambda$processProperties$0(PropertySourcesPlaceholderConfigurer.java:201) ~[spring-context-6.2.5.jar:6.2.5]
	at org.springframework.beans.factory.support.AbstractBeanFactory.resolveEmbeddedValue(AbstractBeanFactory.java:971) ~[spring-beans-6.2.5.jar:6.2.5]
	at org.springframework.beans.factory.support.DefaultListableBeanFactory.doResolveDependency(DefaultListableBeanFactory.java:1577) ~[spring-beans-6.2.5.jar:6.2.5]
	at org.springframework.beans.factory.support.DefaultListableBeanFactory.resolveDependency(DefaultListableBeanFactory.java:1555) ~[spring-beans-6.2.5.jar:6.2.5]
	at org.springframework.beans.factory.annotation.AutowiredAnnotationBeanPostProcessor$AutowiredFieldElement.resolveFieldValue(AutowiredAnnotationBeanPostProcessor.java:785) ~[spring-beans-6.2.5.jar:6.2.5]
	at org.springframework.beans.factory.annotation.AutowiredAnnotationBeanPostProcessor$AutowiredFieldElement.inject(AutowiredAnnotationBeanPostProcessor.java:768) ~[spring-beans-6.2.5.jar:6.2.5]
	at org.springframework.beans.factory.annotation.InjectionMetadata.inject(InjectionMetadata.java:146) ~[spring-beans-6.2.5.jar:6.2.5]
	at org.springframework.beans.factory.annotation.AutowiredAnnotationBeanPostProcessor.postProcessProperties(AutowiredAnnotationBeanPostProcessor.java:509) ~[spring-beans-6.2.5.jar:6.2.5]
	... 43 common frames omitted

2025-04-14T17:51:36.299+02:00  INFO 13240 --- [spring-boot1] [restartedMain] c.a.spring_boot1.SpringBoot1Application  : Starting SpringBoot1Application using Java 21.0.3 with PID 13240 (C:\Users\amjpa\IdeaProjects\spring-boot1\target\classes started by amjpa in C:\Users\amjpa\IdeaProjects\spring-boot1)
2025-04-14T17:51:36.302+02:00  INFO 13240 --- [spring-boot1] [restartedMain] c.a.spring_boot1.SpringBoot1Application  : No active profile set, falling back to 1 default profile: "default"
2025-04-14T17:51:36.362+02:00  INFO 13240 --- [spring-boot1] [restartedMain] .e.DevToolsPropertyDefaultsPostProcessor : Devtools property defaults active! Set 'spring.devtools.add-properties' to 'false' to disable
2025-04-14T17:51:36.362+02:00  INFO 13240 --- [spring-boot1] [restartedMain] .e.DevToolsPropertyDefaultsPostProcessor : For additional web related logging consider setting the 'logging.level.web' property to 'DEBUG'
2025-04-14T17:51:37.396+02:00  INFO 13240 --- [spring-boot1] [restartedMain] o.s.b.w.embedded.tomcat.TomcatWebServer  : Tomcat initialized with port 9090 (http)
2025-04-14T17:51:37.416+02:00  INFO 13240 --- [spring-boot1] [restartedMain] o.apache.catalina.core.StandardService   : Starting service [Tomcat]
2025-04-14T17:51:37.416+02:00  INFO 13240 --- [spring-boot1] [restartedMain] o.apache.catalina.core.StandardEngine    : Starting Servlet engine: [Apache Tomcat/10.1.39]
2025-04-14T17:51:37.456+02:00  INFO 13240 --- [spring-boot1] [restartedMain] o.a.c.c.C.[.[localhost].[/stones]        : Initializing Spring embedded WebApplicationContext
2025-04-14T17:51:37.456+02:00  INFO 13240 --- [spring-boot1] [restartedMain] w.s.c.ServletWebServerApplicationContext : Root WebApplicationContext: initialization completed in 1093 ms
2025-04-14T17:51:37.822+02:00  INFO 13240 --- [spring-boot1] [restartedMain] o.s.b.d.a.OptionalLiveReloadServer       : LiveReload server is running on port 35729
2025-04-14T17:51:37.865+02:00  INFO 13240 --- [spring-boot1] [restartedMain] o.s.b.w.embedded.tomcat.TomcatWebServer  : Tomcat started on port 9090 (http) with context path '/stones'
2025-04-14T17:51:37.874+02:00  INFO 13240 --- [spring-boot1] [restartedMain] c.a.spring_boot1.SpringBoot1Application  : Started SpringBoot1Application in 2.033 seconds (process running for 2.435)
2025-04-14T17:57:10.803+02:00  INFO 13240 --- [spring-boot1] [SpringApplicationShutdownHook] o.s.b.w.e.tomcat.GracefulShutdown        : Commencing graceful shutdown. Waiting for active requests to complete
2025-04-14T17:57:10.809+02:00  INFO 13240 --- [spring-boot1] [tomcat-shutdown] o.s.b.w.e.tomcat.GracefulShutdown        : Graceful shutdown complete
2025-04-14T17:57:14.144+02:00  INFO 17744 --- [spring-boot1] [restartedMain] c.a.spring_boot1.SpringBoot1Application  : Starting SpringBoot1Application using Java 21.0.3 with PID 17744 (C:\Users\amjpa\IdeaProjects\spring-boot1\target\classes started by amjpa in C:\Users\amjpa\IdeaProjects\spring-boot1)
2025-04-14T17:57:14.151+02:00  INFO 17744 --- [spring-boot1] [restartedMain] c.a.spring_boot1.SpringBoot1Application  : No active profile set, falling back to 1 default profile: "default"
2025-04-14T17:57:14.201+02:00  INFO 17744 --- [spring-boot1] [restartedMain] .e.DevToolsPropertyDefaultsPostProcessor : Devtools property defaults active! Set 'spring.devtools.add-properties' to 'false' to disable
2025-04-14T17:57:14.201+02:00  INFO 17744 --- [spring-boot1] [restartedMain] .e.DevToolsPropertyDefaultsPostProcessor : For additional web related logging consider setting the 'logging.level.web' property to 'DEBUG'
2025-04-14T17:57:15.147+02:00  INFO 17744 --- [spring-boot1] [restartedMain] o.s.b.w.embedded.tomcat.TomcatWebServer  : Tomcat initialized with port 9090 (http)
2025-04-14T17:57:15.163+02:00  INFO 17744 --- [spring-boot1] [restartedMain] o.apache.catalina.core.StandardService   : Starting service [Tomcat]
2025-04-14T17:57:15.163+02:00  INFO 17744 --- [spring-boot1] [restartedMain] o.apache.catalina.core.StandardEngine    : Starting Servlet engine: [Apache Tomcat/10.1.39]
2025-04-14T17:57:15.198+02:00  INFO 17744 --- [spring-boot1] [restartedMain] o.a.c.c.C.[.[localhost].[/stones]        : Initializing Spring embedded WebApplicationContext
2025-04-14T17:57:15.198+02:00  INFO 17744 --- [spring-boot1] [restartedMain] w.s.c.ServletWebServerApplicationContext : Root WebApplicationContext: initialization completed in 996 ms
2025-04-14T17:57:15.571+02:00  INFO 17744 --- [spring-boot1] [restartedMain] o.s.b.d.a.OptionalLiveReloadServer       : LiveReload server is running on port 35729
2025-04-14T17:57:15.606+02:00  INFO 17744 --- [spring-boot1] [restartedMain] o.s.b.w.embedded.tomcat.TomcatWebServer  : Tomcat started on port 9090 (http) with context path '/stones'
2025-04-14T17:57:15.613+02:00  INFO 17744 --- [spring-boot1] [restartedMain] c.a.spring_boot1.SpringBoot1Application  : Started SpringBoot1Application in 1.942 seconds (process running for 2.351)
2025-04-14T18:08:25.790+02:00  INFO 17744 --- [spring-boot1] [SpringApplicationShutdownHook] o.s.b.w.e.tomcat.GracefulShutdown        : Commencing graceful shutdown. Waiting for active requests to complete
2025-04-14T18:08:25.797+02:00  INFO 17744 --- [spring-boot1] [tomcat-shutdown] o.s.b.w.e.tomcat.GracefulShutdown        : Graceful shutdown complete
2025-04-14T18:08:29.107+02:00  INFO 17996 --- [spring-boot1] [restartedMain] c.a.spring_boot1.SpringBoot1Application  : Starting SpringBoot1Application using Java 21.0.3 with PID 17996 (C:\Users\amjpa\IdeaProjects\spring-boot1\target\classes started by amjpa in C:\Users\amjpa\IdeaProjects\spring-boot1)
2025-04-14T18:08:29.125+02:00  INFO 17996 --- [spring-boot1] [restartedMain] c.a.spring_boot1.SpringBoot1Application  : No active profile set, falling back to 1 default profile: "default"
2025-04-14T18:08:29.184+02:00  INFO 17996 --- [spring-boot1] [restartedMain] .e.DevToolsPropertyDefaultsPostProcessor : Devtools property defaults active! Set 'spring.devtools.add-properties' to 'false' to disable
2025-04-14T18:08:29.184+02:00  INFO 17996 --- [spring-boot1] [restartedMain] .e.DevToolsPropertyDefaultsPostProcessor : For additional web related logging consider setting the 'logging.level.web' property to 'DEBUG'
2025-04-14T18:08:30.145+02:00  INFO 17996 --- [spring-boot1] [restartedMain] o.s.b.w.embedded.tomcat.TomcatWebServer  : Tomcat initialized with port 9090 (http)
2025-04-14T18:08:30.162+02:00  INFO 17996 --- [spring-boot1] [restartedMain] o.apache.catalina.core.StandardService   : Starting service [Tomcat]
2025-04-14T18:08:30.163+02:00  INFO 17996 --- [spring-boot1] [restartedMain] o.apache.catalina.core.StandardEngine    : Starting Servlet engine: [Apache Tomcat/10.1.39]
2025-04-14T18:08:30.199+02:00  INFO 17996 --- [spring-boot1] [restartedMain] o.a.c.c.C.[.[localhost].[/stones]        : Initializing Spring embedded WebApplicationContext
2025-04-14T18:08:30.200+02:00  INFO 17996 --- [spring-boot1] [restartedMain] w.s.c.ServletWebServerApplicationContext : Root WebApplicationContext: initialization completed in 1015 ms
2025-04-14T18:08:30.578+02:00  INFO 17996 --- [spring-boot1] [restartedMain] o.s.b.d.a.OptionalLiveReloadServer       : LiveReload server is running on port 35729
2025-04-14T18:08:30.614+02:00  INFO 17996 --- [spring-boot1] [restartedMain] o.s.b.w.embedded.tomcat.TomcatWebServer  : Tomcat started on port 9090 (http) with context path '/stones'
2025-04-14T18:08:30.622+02:00  INFO 17996 --- [spring-boot1] [restartedMain] c.a.spring_boot1.SpringBoot1Application  : Started SpringBoot1Application in 1.964 seconds (process running for 2.36)
2025-04-14T18:21:30.642+02:00  INFO 17996 --- [spring-boot1] [SpringApplicationShutdownHook] o.s.b.w.e.tomcat.GracefulShutdown        : Commencing graceful shutdown. Waiting for active requests to complete
2025-04-14T18:21:30.648+02:00  INFO 17996 --- [spring-boot1] [tomcat-shutdown] o.s.b.w.e.tomcat.GracefulShutdown        : Graceful shutdown complete
2025-04-14T18:21:33.682+02:00  INFO 17176 --- [spring-boot1] [restartedMain] c.a.spring_boot1.SpringBoot1Application  : Starting SpringBoot1Application using Java 21.0.3 with PID 17176 (C:\Users\amjpa\IdeaProjects\spring-boot1\target\classes started by amjpa in C:\Users\amjpa\IdeaProjects\spring-boot1)
2025-04-14T18:21:33.684+02:00  INFO 17176 --- [spring-boot1] [restartedMain] c.a.spring_boot1.SpringBoot1Application  : No active profile set, falling back to 1 default profile: "default"
2025-04-14T18:21:33.739+02:00  INFO 17176 --- [spring-boot1] [restartedMain] .e.DevToolsPropertyDefaultsPostProcessor : Devtools property defaults active! Set 'spring.devtools.add-properties' to 'false' to disable
2025-04-14T18:21:33.739+02:00  INFO 17176 --- [spring-boot1] [restartedMain] .e.DevToolsPropertyDefaultsPostProcessor : For additional web related logging consider setting the 'logging.level.web' property to 'DEBUG'
2025-04-14T18:21:34.704+02:00  INFO 17176 --- [spring-boot1] [restartedMain] o.s.b.w.embedded.tomcat.TomcatWebServer  : Tomcat initialized with port 9090 (http)
2025-04-14T18:21:34.719+02:00  INFO 17176 --- [spring-boot1] [restartedMain] o.apache.catalina.core.StandardService   : Starting service [Tomcat]
2025-04-14T18:21:34.719+02:00  INFO 17176 --- [spring-boot1] [restartedMain] o.apache.catalina.core.StandardEngine    : Starting Servlet engine: [Apache Tomcat/10.1.39]
2025-04-14T18:21:34.752+02:00  INFO 17176 --- [spring-boot1] [restartedMain] o.a.c.c.C.[.[localhost].[/stones]        : Initializing Spring embedded WebApplicationContext
2025-04-14T18:21:34.753+02:00  INFO 17176 --- [spring-boot1] [restartedMain] w.s.c.ServletWebServerApplicationContext : Root WebApplicationContext: initialization completed in 1014 ms
2025-04-14T18:21:35.191+02:00  INFO 17176 --- [spring-boot1] [restartedMain] o.s.b.d.a.OptionalLiveReloadServer       : LiveReload server is running on port 35729
2025-04-14T18:21:35.230+02:00  INFO 17176 --- [spring-boot1] [restartedMain] o.s.b.w.embedded.tomcat.TomcatWebServer  : Tomcat started on port 9090 (http) with context path '/stones'
2025-04-14T18:21:35.240+02:00  INFO 17176 --- [spring-boot1] [restartedMain] c.a.spring_boot1.SpringBoot1Application  : Started SpringBoot1Application in 2.026 seconds (process running for 2.442)
2025-04-14T18:23:39.844+02:00  INFO 17176 --- [spring-boot1] [SpringApplicationShutdownHook] o.s.b.w.e.tomcat.GracefulShutdown        : Commencing graceful shutdown. Waiting for active requests to complete
2025-04-14T18:23:39.850+02:00  INFO 17176 --- [spring-boot1] [tomcat-shutdown] o.s.b.w.e.tomcat.GracefulShutdown        : Graceful shutdown complete
2025-04-14T18:23:50.359+02:00  INFO 14776 --- [spring-boot1] [restartedMain] c.a.spring_boot1.SpringBoot1Application  : Starting SpringBoot1Application using Java 21.0.3 with PID 14776 (C:\Users\amjpa\IdeaProjects\spring-boot1\target\classes started by amjpa in C:\Users\amjpa\IdeaProjects\spring-boot1)
2025-04-14T18:23:50.361+02:00  INFO 14776 --- [spring-boot1] [restartedMain] c.a.spring_boot1.SpringBoot1Application  : No active profile set, falling back to 1 default profile: "default"
2025-04-14T18:23:50.414+02:00  INFO 14776 --- [spring-boot1] [restartedMain] .e.DevToolsPropertyDefaultsPostProcessor : Devtools property defaults active! Set 'spring.devtools.add-properties' to 'false' to disable
2025-04-14T18:23:50.414+02:00  INFO 14776 --- [spring-boot1] [restartedMain] .e.DevToolsPropertyDefaultsPostProcessor : For additional web related logging consider setting the 'logging.level.web' property to 'DEBUG'
2025-04-14T18:23:51.451+02:00  INFO 14776 --- [spring-boot1] [restartedMain] o.s.b.w.embedded.tomcat.TomcatWebServer  : Tomcat initialized with port 9090 (http)
2025-04-14T18:23:51.474+02:00  INFO 14776 --- [spring-boot1] [restartedMain] o.apache.catalina.core.StandardService   : Starting service [Tomcat]
2025-04-14T18:23:51.474+02:00  INFO 14776 --- [spring-boot1] [restartedMain] o.apache.catalina.core.StandardEngine    : Starting Servlet engine: [Apache Tomcat/10.1.39]
2025-04-14T18:23:51.515+02:00  INFO 14776 --- [spring-boot1] [restartedMain] o.a.c.c.C.[.[localhost].[/stones]        : Initializing Spring embedded WebApplicationContext
2025-04-14T18:23:51.515+02:00  INFO 14776 --- [spring-boot1] [restartedMain] w.s.c.ServletWebServerApplicationContext : Root WebApplicationContext: initialization completed in 1101 ms
2025-04-14T18:23:51.875+02:00  INFO 14776 --- [spring-boot1] [restartedMain] o.s.b.d.a.OptionalLiveReloadServer       : LiveReload server is running on port 35729
2025-04-14T18:23:51.910+02:00  INFO 14776 --- [spring-boot1] [restartedMain] o.s.b.w.embedded.tomcat.TomcatWebServer  : Tomcat started on port 9090 (http) with context path '/stones'
2025-04-14T18:23:51.920+02:00  INFO 14776 --- [spring-boot1] [restartedMain] c.a.spring_boot1.SpringBoot1Application  : Started SpringBoot1Application in 2.039 seconds (process running for 2.437)
2025-04-14T18:25:15.779+02:00  INFO 14776 --- [spring-boot1] [SpringApplicationShutdownHook] o.s.b.w.e.tomcat.GracefulShutdown        : Commencing graceful shutdown. Waiting for active requests to complete
2025-04-14T18:25:15.785+02:00  INFO 14776 --- [spring-boot1] [tomcat-shutdown] o.s.b.w.e.tomcat.GracefulShutdown        : Graceful shutdown complete
2025-04-14T18:25:19.001+02:00  INFO 1832 --- [spring-boot1] [restartedMain] c.a.spring_boot1.SpringBoot1Application  : Starting SpringBoot1Application using Java 21.0.3 with PID 1832 (C:\Users\amjpa\IdeaProjects\spring-boot1\target\classes started by amjpa in C:\Users\amjpa\IdeaProjects\spring-boot1)
2025-04-14T18:25:19.004+02:00  INFO 1832 --- [spring-boot1] [restartedMain] c.a.spring_boot1.SpringBoot1Application  : No active profile set, falling back to 1 default profile: "default"
2025-04-14T18:25:19.061+02:00  INFO 1832 --- [spring-boot1] [restartedMain] .e.DevToolsPropertyDefaultsPostProcessor : Devtools property defaults active! Set 'spring.devtools.add-properties' to 'false' to disable
2025-04-14T18:25:19.061+02:00  INFO 1832 --- [spring-boot1] [restartedMain] .e.DevToolsPropertyDefaultsPostProcessor : For additional web related logging consider setting the 'logging.level.web' property to 'DEBUG'
2025-04-14T18:25:20.032+02:00  INFO 1832 --- [spring-boot1] [restartedMain] o.s.b.w.embedded.tomcat.TomcatWebServer  : Tomcat initialized with port 9090 (http)
2025-04-14T18:25:20.044+02:00  INFO 1832 --- [spring-boot1] [restartedMain] o.apache.catalina.core.StandardService   : Starting service [Tomcat]
2025-04-14T18:25:20.044+02:00  INFO 1832 --- [spring-boot1] [restartedMain] o.apache.catalina.core.StandardEngine    : Starting Servlet engine: [Apache Tomcat/10.1.39]
2025-04-14T18:25:20.081+02:00  INFO 1832 --- [spring-boot1] [restartedMain] o.a.c.c.C.[.[localhost].[/stones]        : Initializing Spring embedded WebApplicationContext
2025-04-14T18:25:20.081+02:00  INFO 1832 --- [spring-boot1] [restartedMain] w.s.c.ServletWebServerApplicationContext : Root WebApplicationContext: initialization completed in 1019 ms
2025-04-14T18:25:20.453+02:00  INFO 1832 --- [spring-boot1] [restartedMain] o.s.b.d.a.OptionalLiveReloadServer       : LiveReload server is running on port 35729
2025-04-14T18:25:20.487+02:00  INFO 1832 --- [spring-boot1] [restartedMain] o.s.b.w.embedded.tomcat.TomcatWebServer  : Tomcat started on port 9090 (http) with context path '/stones'
2025-04-14T18:25:20.496+02:00  INFO 1832 --- [spring-boot1] [restartedMain] c.a.spring_boot1.SpringBoot1Application  : Started SpringBoot1Application in 1.967 seconds (process running for 2.373)
2025-04-14T18:28:27.102+02:00  INFO 1832 --- [spring-boot1] [SpringApplicationShutdownHook] o.s.b.w.e.tomcat.GracefulShutdown        : Commencing graceful shutdown. Waiting for active requests to complete
2025-04-14T18:28:27.108+02:00  INFO 1832 --- [spring-boot1] [tomcat-shutdown] o.s.b.w.e.tomcat.GracefulShutdown        : Graceful shutdown complete
2025-04-14T18:28:30.127+02:00  INFO 9636 --- [spring-boot1] [restartedMain] c.a.spring_boot1.SpringBoot1Application  : Starting SpringBoot1Application using Java 21.0.3 with PID 9636 (C:\Users\amjpa\IdeaProjects\spring-boot1\target\classes started by amjpa in C:\Users\amjpa\IdeaProjects\spring-boot1)
2025-04-14T18:28:30.129+02:00  INFO 9636 --- [spring-boot1] [restartedMain] c.a.spring_boot1.SpringBoot1Application  : No active profile set, falling back to 1 default profile: "default"
2025-04-14T18:28:30.181+02:00  INFO 9636 --- [spring-boot1] [restartedMain] .e.DevToolsPropertyDefaultsPostProcessor : Devtools property defaults active! Set 'spring.devtools.add-properties' to 'false' to disable
2025-04-14T18:28:30.181+02:00  INFO 9636 --- [spring-boot1] [restartedMain] .e.DevToolsPropertyDefaultsPostProcessor : For additional web related logging consider setting the 'logging.level.web' property to 'DEBUG'
2025-04-14T18:28:31.186+02:00  INFO 9636 --- [spring-boot1] [restartedMain] o.s.b.w.embedded.tomcat.TomcatWebServer  : Tomcat initialized with port 9090 (http)
2025-04-14T18:28:31.198+02:00  INFO 9636 --- [spring-boot1] [restartedMain] o.apache.catalina.core.StandardService   : Starting service [Tomcat]
2025-04-14T18:28:31.198+02:00  INFO 9636 --- [spring-boot1] [restartedMain] o.apache.catalina.core.StandardEngine    : Starting Servlet engine: [Apache Tomcat/10.1.39]
2025-04-14T18:28:31.237+02:00  INFO 9636 --- [spring-boot1] [restartedMain] o.a.c.c.C.[.[localhost].[/stones]        : Initializing Spring embedded WebApplicationContext
2025-04-14T18:28:31.237+02:00  INFO 9636 --- [spring-boot1] [restartedMain] w.s.c.ServletWebServerApplicationContext : Root WebApplicationContext: initialization completed in 1056 ms
2025-04-14T18:28:31.642+02:00  INFO 9636 --- [spring-boot1] [restartedMain] o.s.b.d.a.OptionalLiveReloadServer       : LiveReload server is running on port 35729
2025-04-14T18:28:31.680+02:00  INFO 9636 --- [spring-boot1] [restartedMain] o.s.b.w.embedded.tomcat.TomcatWebServer  : Tomcat started on port 9090 (http) with context path '/stones'
2025-04-14T18:28:31.689+02:00  INFO 9636 --- [spring-boot1] [restartedMain] c.a.spring_boot1.SpringBoot1Application  : Started SpringBoot1Application in 2.047 seconds (process running for 2.458)
2025-04-14T18:31:12.960+02:00  INFO 9636 --- [spring-boot1] [SpringApplicationShutdownHook] o.s.b.w.e.tomcat.GracefulShutdown        : Commencing graceful shutdown. Waiting for active requests to complete
2025-04-14T18:31:12.965+02:00  INFO 9636 --- [spring-boot1] [tomcat-shutdown] o.s.b.w.e.tomcat.GracefulShutdown        : Graceful shutdown complete
2025-04-14T18:31:14.775+02:00  INFO 15656 --- [spring-boot1] [restartedMain] c.a.spring_boot1.SpringBoot1Application  : Starting SpringBoot1Application using Java 21.0.3 with PID 15656 (C:\Users\amjpa\IdeaProjects\spring-boot1\target\classes started by amjpa in C:\Users\amjpa\IdeaProjects\spring-boot1)
2025-04-14T18:31:14.778+02:00  INFO 15656 --- [spring-boot1] [restartedMain] c.a.spring_boot1.SpringBoot1Application  : No active profile set, falling back to 1 default profile: "default"
2025-04-14T18:31:14.830+02:00  INFO 15656 --- [spring-boot1] [restartedMain] .e.DevToolsPropertyDefaultsPostProcessor : Devtools property defaults active! Set 'spring.devtools.add-properties' to 'false' to disable
2025-04-14T18:31:14.830+02:00  INFO 15656 --- [spring-boot1] [restartedMain] .e.DevToolsPropertyDefaultsPostProcessor : For additional web related logging consider setting the 'logging.level.web' property to 'DEBUG'
2025-04-14T18:31:15.788+02:00  INFO 15656 --- [spring-boot1] [restartedMain] o.s.b.w.embedded.tomcat.TomcatWebServer  : Tomcat initialized with port 9090 (http)
2025-04-14T18:31:15.805+02:00  INFO 15656 --- [spring-boot1] [restartedMain] o.apache.catalina.core.StandardService   : Starting service [Tomcat]
2025-04-14T18:31:15.805+02:00  INFO 15656 --- [spring-boot1] [restartedMain] o.apache.catalina.core.StandardEngine    : Starting Servlet engine: [Apache Tomcat/10.1.39]
2025-04-14T18:31:15.840+02:00  INFO 15656 --- [spring-boot1] [restartedMain] o.a.c.c.C.[.[localhost].[/stones]        : Initializing Spring embedded WebApplicationContext
2025-04-14T18:31:15.840+02:00  INFO 15656 --- [spring-boot1] [restartedMain] w.s.c.ServletWebServerApplicationContext : Root WebApplicationContext: initialization completed in 1009 ms
2025-04-14T18:31:16.207+02:00  INFO 15656 --- [spring-boot1] [restartedMain] o.s.b.d.a.OptionalLiveReloadServer       : LiveReload server is running on port 35729
2025-04-14T18:31:16.241+02:00  INFO 15656 --- [spring-boot1] [restartedMain] o.s.b.w.embedded.tomcat.TomcatWebServer  : Tomcat started on port 9090 (http) with context path '/stones'
2025-04-14T18:31:16.249+02:00  INFO 15656 --- [spring-boot1] [restartedMain] c.a.spring_boot1.SpringBoot1Application  : Started SpringBoot1Application in 1.938 seconds (process running for 2.414)
2025-04-14T19:14:22.443+02:00  INFO 15656 --- [spring-boot1] [SpringApplicationShutdownHook] o.s.b.w.e.tomcat.GracefulShutdown        : Commencing graceful shutdown. Waiting for active requests to complete
2025-04-14T19:14:22.450+02:00  INFO 15656 --- [spring-boot1] [tomcat-shutdown] o.s.b.w.e.tomcat.GracefulShutdown        : Graceful shutdown complete
2025-04-14T19:36:10.437+02:00  INFO 17228 --- [spring-boot1] [restartedMain] c.a.spring_boot1.SpringBoot1Application  : Starting SpringBoot1Application using Java 21.0.3 with PID 17228 (C:\Users\amjpa\IdeaProjects\spring-boot1\target\classes started by amjpa in C:\Users\amjpa\IdeaProjects\spring-boot1)
2025-04-14T19:36:10.439+02:00  INFO 17228 --- [spring-boot1] [restartedMain] c.a.spring_boot1.SpringBoot1Application  : The following 1 profile is active: "dev"
2025-04-14T19:36:10.491+02:00  INFO 17228 --- [spring-boot1] [restartedMain] .e.DevToolsPropertyDefaultsPostProcessor : Devtools property defaults active! Set 'spring.devtools.add-properties' to 'false' to disable
2025-04-14T19:36:10.491+02:00  INFO 17228 --- [spring-boot1] [restartedMain] .e.DevToolsPropertyDefaultsPostProcessor : For additional web related logging consider setting the 'logging.level.web' property to 'DEBUG'
2025-04-14T19:36:11.496+02:00  INFO 17228 --- [spring-boot1] [restartedMain] o.s.b.w.embedded.tomcat.TomcatWebServer  : Tomcat initialized with port 9090 (http)
2025-04-14T19:36:11.508+02:00  INFO 17228 --- [spring-boot1] [restartedMain] o.apache.catalina.core.StandardService   : Starting service [Tomcat]
2025-04-14T19:36:11.509+02:00  INFO 17228 --- [spring-boot1] [restartedMain] o.apache.catalina.core.StandardEngine    : Starting Servlet engine: [Apache Tomcat/10.1.39]
2025-04-14T19:36:11.545+02:00  INFO 17228 --- [spring-boot1] [restartedMain] o.a.c.c.C.[.[localhost].[/stones]        : Initializing Spring embedded WebApplicationContext
2025-04-14T19:36:11.545+02:00  INFO 17228 --- [spring-boot1] [restartedMain] w.s.c.ServletWebServerApplicationContext : Root WebApplicationContext: initialization completed in 1053 ms
2025-04-14T19:36:11.964+02:00  INFO 17228 --- [spring-boot1] [restartedMain] o.s.b.d.a.OptionalLiveReloadServer       : LiveReload server is running on port 35729
2025-04-14T19:36:12.008+02:00  INFO 17228 --- [spring-boot1] [restartedMain] o.s.b.w.embedded.tomcat.TomcatWebServer  : Tomcat started on port 9090 (http) with context path '/stones'
2025-04-14T19:36:12.019+02:00  INFO 17228 --- [spring-boot1] [restartedMain] c.a.spring_boot1.SpringBoot1Application  : Started SpringBoot1Application in 2.032 seconds (process running for 2.457)
2025-04-14T19:47:30.803+02:00  INFO 17228 --- [spring-boot1] [SpringApplicationShutdownHook] o.s.b.w.e.tomcat.GracefulShutdown        : Commencing graceful shutdown. Waiting for active requests to complete
2025-04-14T19:47:30.810+02:00  INFO 17228 --- [spring-boot1] [tomcat-shutdown] o.s.b.w.e.tomcat.GracefulShutdown        : Graceful shutdown complete
2025-04-14T19:47:35.772+02:00  INFO 13068 --- [spring-boot1] [restartedMain] c.a.spring_boot1.SpringBoot1Application  : Starting SpringBoot1Application using Java 21.0.3 with PID 13068 (C:\Users\amjpa\IdeaProjects\spring-boot1\target\classes started by amjpa in C:\Users\amjpa\IdeaProjects\spring-boot1)
2025-04-14T19:47:35.775+02:00  INFO 13068 --- [spring-boot1] [restartedMain] c.a.spring_boot1.SpringBoot1Application  : The following 1 profile is active: "dev"
2025-04-14T19:47:35.833+02:00  INFO 13068 --- [spring-boot1] [restartedMain] .e.DevToolsPropertyDefaultsPostProcessor : Devtools property defaults active! Set 'spring.devtools.add-properties' to 'false' to disable
2025-04-14T19:47:35.834+02:00  INFO 13068 --- [spring-boot1] [restartedMain] .e.DevToolsPropertyDefaultsPostProcessor : For additional web related logging consider setting the 'logging.level.web' property to 'DEBUG'
2025-04-14T19:47:36.838+02:00  INFO 13068 --- [spring-boot1] [restartedMain] o.s.b.w.embedded.tomcat.TomcatWebServer  : Tomcat initialized with port 9090 (http)
2025-04-14T19:47:36.852+02:00  INFO 13068 --- [spring-boot1] [restartedMain] o.apache.catalina.core.StandardService   : Starting service [Tomcat]
2025-04-14T19:47:36.852+02:00  INFO 13068 --- [spring-boot1] [restartedMain] o.apache.catalina.core.StandardEngine    : Starting Servlet engine: [Apache Tomcat/10.1.39]
2025-04-14T19:47:36.886+02:00  INFO 13068 --- [spring-boot1] [restartedMain] o.a.c.c.C.[.[localhost].[/stones]        : Initializing Spring embedded WebApplicationContext
2025-04-14T19:47:36.887+02:00  INFO 13068 --- [spring-boot1] [restartedMain] w.s.c.ServletWebServerApplicationContext : Root WebApplicationContext: initialization completed in 1053 ms
2025-04-14T19:47:37.286+02:00  INFO 13068 --- [spring-boot1] [restartedMain] o.s.b.d.a.OptionalLiveReloadServer       : LiveReload server is running on port 35729
2025-04-14T19:47:37.324+02:00  INFO 13068 --- [spring-boot1] [restartedMain] o.s.b.w.embedded.tomcat.TomcatWebServer  : Tomcat started on port 9090 (http) with context path '/stones'
2025-04-14T19:47:37.334+02:00  INFO 13068 --- [spring-boot1] [restartedMain] c.a.spring_boot1.SpringBoot1Application  : Started SpringBoot1Application in 2.025 seconds (process running for 2.438)
2025-04-14T19:48:48.629+02:00  INFO 13068 --- [spring-boot1] [SpringApplicationShutdownHook] o.s.b.w.e.tomcat.GracefulShutdown        : Commencing graceful shutdown. Waiting for active requests to complete
2025-04-14T19:48:48.636+02:00  INFO 13068 --- [spring-boot1] [tomcat-shutdown] o.s.b.w.e.tomcat.GracefulShutdown        : Graceful shutdown complete
2025-04-14T19:57:47.266+02:00  INFO 15200 --- [spring-boot1] [restartedMain] c.a.spring_boot1.SpringBoot1Application  : Starting SpringBoot1Application using Java 21.0.3 with PID 15200 (C:\Users\amjpa\IdeaProjects\spring-boot1\target\classes started by amjpa in C:\Users\amjpa\IdeaProjects\spring-boot1)
2025-04-14T19:57:47.269+02:00  INFO 15200 --- [spring-boot1] [restartedMain] c.a.spring_boot1.SpringBoot1Application  : No active profile set, falling back to 1 default profile: "default"
2025-04-14T19:57:47.321+02:00  INFO 15200 --- [spring-boot1] [restartedMain] .e.DevToolsPropertyDefaultsPostProcessor : Devtools property defaults active! Set 'spring.devtools.add-properties' to 'false' to disable
2025-04-14T19:57:47.322+02:00  INFO 15200 --- [spring-boot1] [restartedMain] .e.DevToolsPropertyDefaultsPostProcessor : For additional web related logging consider setting the 'logging.level.web' property to 'DEBUG'
2025-04-14T19:57:48.346+02:00  INFO 15200 --- [spring-boot1] [restartedMain] o.s.b.w.embedded.tomcat.TomcatWebServer  : Tomcat initialized with port 9090 (http)
2025-04-14T19:57:48.363+02:00  INFO 15200 --- [spring-boot1] [restartedMain] o.apache.catalina.core.StandardService   : Starting service [Tomcat]
2025-04-14T19:57:48.363+02:00  INFO 15200 --- [spring-boot1] [restartedMain] o.apache.catalina.core.StandardEngine    : Starting Servlet engine: [Apache Tomcat/10.1.39]
2025-04-14T19:57:48.399+02:00  INFO 15200 --- [spring-boot1] [restartedMain] o.a.c.c.C.[.[localhost].[/stones]        : Initializing Spring embedded WebApplicationContext
2025-04-14T19:57:48.399+02:00  INFO 15200 --- [spring-boot1] [restartedMain] w.s.c.ServletWebServerApplicationContext : Root WebApplicationContext: initialization completed in 1077 ms
2025-04-14T19:57:48.782+02:00  INFO 15200 --- [spring-boot1] [restartedMain] o.s.b.d.a.OptionalLiveReloadServer       : LiveReload server is running on port 35729
2025-04-14T19:57:48.819+02:00  INFO 15200 --- [spring-boot1] [restartedMain] o.s.b.w.embedded.tomcat.TomcatWebServer  : Tomcat started on port 9090 (http) with context path '/stones'
2025-04-14T19:57:48.829+02:00  INFO 15200 --- [spring-boot1] [restartedMain] c.a.spring_boot1.SpringBoot1Application  : Started SpringBoot1Application in 2.014 seconds (process running for 2.442)
2025-04-14T19:57:57.312+02:00  INFO 15200 --- [spring-boot1] [SpringApplicationShutdownHook] o.s.b.w.e.tomcat.GracefulShutdown        : Commencing graceful shutdown. Waiting for active requests to complete
2025-04-14T19:57:57.318+02:00  INFO 15200 --- [spring-boot1] [tomcat-shutdown] o.s.b.w.e.tomcat.GracefulShutdown        : Graceful shutdown complete
2025-04-14T19:57:59.680+02:00  INFO 19964 --- [spring-boot1] [restartedMain] c.a.spring_boot1.SpringBoot1Application  : Starting SpringBoot1Application using Java 21.0.3 with PID 19964 (C:\Users\amjpa\IdeaProjects\spring-boot1\target\classes started by amjpa in C:\Users\amjpa\IdeaProjects\spring-boot1)
2025-04-14T19:57:59.682+02:00  INFO 19964 --- [spring-boot1] [restartedMain] c.a.spring_boot1.SpringBoot1Application  : No active profile set, falling back to 1 default profile: "default"
2025-04-14T19:57:59.743+02:00  INFO 19964 --- [spring-boot1] [restartedMain] .e.DevToolsPropertyDefaultsPostProcessor : Devtools property defaults active! Set 'spring.devtools.add-properties' to 'false' to disable
2025-04-14T19:57:59.743+02:00  INFO 19964 --- [spring-boot1] [restartedMain] .e.DevToolsPropertyDefaultsPostProcessor : For additional web related logging consider setting the 'logging.level.web' property to 'DEBUG'
2025-04-14T19:58:00.735+02:00  INFO 19964 --- [spring-boot1] [restartedMain] o.s.b.w.embedded.tomcat.TomcatWebServer  : Tomcat initialized with port 9090 (http)
2025-04-14T19:58:00.751+02:00  INFO 19964 --- [spring-boot1] [restartedMain] o.apache.catalina.core.StandardService   : Starting service [Tomcat]
2025-04-14T19:58:00.751+02:00  INFO 19964 --- [spring-boot1] [restartedMain] o.apache.catalina.core.StandardEngine    : Starting Servlet engine: [Apache Tomcat/10.1.39]
2025-04-14T19:58:00.785+02:00  INFO 19964 --- [spring-boot1] [restartedMain] o.a.c.c.C.[.[localhost].[/stones]        : Initializing Spring embedded WebApplicationContext
2025-04-14T19:58:00.785+02:00  INFO 19964 --- [spring-boot1] [restartedMain] w.s.c.ServletWebServerApplicationContext : Root WebApplicationContext: initialization completed in 1042 ms
2025-04-14T19:58:01.170+02:00  INFO 19964 --- [spring-boot1] [restartedMain] o.s.b.d.a.OptionalLiveReloadServer       : LiveReload server is running on port 35729
2025-04-14T19:58:01.206+02:00  INFO 19964 --- [spring-boot1] [restartedMain] o.s.b.w.embedded.tomcat.TomcatWebServer  : Tomcat started on port 9090 (http) with context path '/stones'
2025-04-14T19:58:01.216+02:00  INFO 19964 --- [spring-boot1] [restartedMain] c.a.spring_boot1.SpringBoot1Application  : Started SpringBoot1Application in 1.999 seconds (process running for 2.406)
2025-04-14T19:59:14.351+02:00  INFO 19964 --- [spring-boot1] [SpringApplicationShutdownHook] o.s.b.w.e.tomcat.GracefulShutdown        : Commencing graceful shutdown. Waiting for active requests to complete
2025-04-14T19:59:14.358+02:00  INFO 19964 --- [spring-boot1] [tomcat-shutdown] o.s.b.w.e.tomcat.GracefulShutdown        : Graceful shutdown complete
2025-04-14T20:57:43.316+02:00  INFO 10632 --- [spring-boot1] [restartedMain] c.a.spring_boot1.SpringBoot1Application  : Starting SpringBoot1Application using Java 21.0.3 with PID 10632 (C:\Users\amjpa\IdeaProjects\spring-boot1\target\classes started by amjpa in C:\Users\amjpa\IdeaProjects\spring-boot1)
2025-04-14T20:57:43.318+02:00  INFO 10632 --- [spring-boot1] [restartedMain] c.a.spring_boot1.SpringBoot1Application  : The following 1 profile is active: "dev"
2025-04-14T20:57:43.376+02:00  INFO 10632 --- [spring-boot1] [restartedMain] .e.DevToolsPropertyDefaultsPostProcessor : Devtools property defaults active! Set 'spring.devtools.add-properties' to 'false' to disable
2025-04-14T20:57:43.376+02:00  INFO 10632 --- [spring-boot1] [restartedMain] .e.DevToolsPropertyDefaultsPostProcessor : For additional web related logging consider setting the 'logging.level.web' property to 'DEBUG'
2025-04-14T20:57:44.481+02:00  INFO 10632 --- [spring-boot1] [restartedMain] o.s.b.w.embedded.tomcat.TomcatWebServer  : Tomcat initialized with port 9090 (http)
2025-04-14T20:57:44.496+02:00  INFO 10632 --- [spring-boot1] [restartedMain] o.apache.catalina.core.StandardService   : Starting service [Tomcat]
2025-04-14T20:57:44.497+02:00  INFO 10632 --- [spring-boot1] [restartedMain] o.apache.catalina.core.StandardEngine    : Starting Servlet engine: [Apache Tomcat/10.1.39]
2025-04-14T20:57:44.535+02:00  INFO 10632 --- [spring-boot1] [restartedMain] o.a.c.c.C.[.[localhost].[/stones]        : Initializing Spring embedded WebApplicationContext
2025-04-14T20:57:44.535+02:00  INFO 10632 --- [spring-boot1] [restartedMain] w.s.c.ServletWebServerApplicationContext : Root WebApplicationContext: initialization completed in 1158 ms
2025-04-14T20:57:44.951+02:00  WARN 10632 --- [spring-boot1] [restartedMain] o.s.b.d.a.OptionalLiveReloadServer       : Unable to start LiveReload server
2025-04-14T20:57:44.995+02:00  INFO 10632 --- [spring-boot1] [restartedMain] o.s.b.w.embedded.tomcat.TomcatWebServer  : Tomcat started on port 9090 (http) with context path '/stones'
2025-04-14T20:57:45.005+02:00  INFO 10632 --- [spring-boot1] [restartedMain] c.a.spring_boot1.SpringBoot1Application  : Started SpringBoot1Application in 2.152 seconds (process running for 2.559)
2025-04-14T21:07:43.199+02:00  INFO 10632 --- [spring-boot1] [SpringApplicationShutdownHook] o.s.b.w.e.tomcat.GracefulShutdown        : Commencing graceful shutdown. Waiting for active requests to complete
2025-04-14T21:07:43.205+02:00  INFO 10632 --- [spring-boot1] [tomcat-shutdown] o.s.b.w.e.tomcat.GracefulShutdown        : Graceful shutdown complete
2025-04-14T21:07:47.561+02:00  INFO 19268 --- [spring-boot1] [restartedMain] c.a.spring_boot1.SpringBoot1Application  : Starting SpringBoot1Application using Java 21.0.3 with PID 19268 (C:\Users\amjpa\IdeaProjects\spring-boot1\target\classes started by amjpa in C:\Users\amjpa\IdeaProjects\spring-boot1)
2025-04-14T21:07:47.563+02:00  INFO 19268 --- [spring-boot1] [restartedMain] c.a.spring_boot1.SpringBoot1Application  : The following 1 profile is active: "dev"
2025-04-14T21:07:47.616+02:00  INFO 19268 --- [spring-boot1] [restartedMain] .e.DevToolsPropertyDefaultsPostProcessor : Devtools property defaults active! Set 'spring.devtools.add-properties' to 'false' to disable
2025-04-14T21:07:47.616+02:00  INFO 19268 --- [spring-boot1] [restartedMain] .e.DevToolsPropertyDefaultsPostProcessor : For additional web related logging consider setting the 'logging.level.web' property to 'DEBUG'
2025-04-14T21:07:48.635+02:00  INFO 19268 --- [spring-boot1] [restartedMain] o.s.b.w.embedded.tomcat.TomcatWebServer  : Tomcat initialized with port 9090 (http)
2025-04-14T21:07:48.657+02:00  INFO 19268 --- [spring-boot1] [restartedMain] o.apache.catalina.core.StandardService   : Starting service [Tomcat]
2025-04-14T21:07:48.657+02:00  INFO 19268 --- [spring-boot1] [restartedMain] o.apache.catalina.core.StandardEngine    : Starting Servlet engine: [Apache Tomcat/10.1.39]
2025-04-14T21:07:48.692+02:00  INFO 19268 --- [spring-boot1] [restartedMain] o.a.c.c.C.[.[localhost].[/stones]        : Initializing Spring embedded WebApplicationContext
2025-04-14T21:07:48.692+02:00  INFO 19268 --- [spring-boot1] [restartedMain] w.s.c.ServletWebServerApplicationContext : Root WebApplicationContext: initialization completed in 1075 ms
2025-04-14T21:07:48.758+02:00  INFO 19268 --- [spring-boot1] [restartedMain] c.a.spring_boot1.configs.StoneConfigs    : Loading subtitles: http://defeult.xyz, with profile: dev
2025-04-14T21:07:49.102+02:00  INFO 19268 --- [spring-boot1] [restartedMain] o.s.b.d.a.OptionalLiveReloadServer       : LiveReload server is running on port 35729
2025-04-14T21:07:49.142+02:00  INFO 19268 --- [spring-boot1] [restartedMain] o.s.b.w.embedded.tomcat.TomcatWebServer  : Tomcat started on port 9090 (http) with context path '/stones'
2025-04-14T21:07:49.149+02:00  INFO 19268 --- [spring-boot1] [restartedMain] c.a.spring_boot1.SpringBoot1Application  : Started SpringBoot1Application in 2.058 seconds (process running for 2.46)
2025-04-14T21:08:09.137+02:00  INFO 19268 --- [spring-boot1] [SpringApplicationShutdownHook] o.s.b.w.e.tomcat.GracefulShutdown        : Commencing graceful shutdown. Waiting for active requests to complete
2025-04-14T21:08:09.145+02:00  INFO 19268 --- [spring-boot1] [tomcat-shutdown] o.s.b.w.e.tomcat.GracefulShutdown        : Graceful shutdown complete
2025-04-14T21:21:07.896+02:00  INFO 15836 --- [spring-boot1] [restartedMain] c.a.spring_boot1.SpringBoot1Application  : Starting SpringBoot1Application using Java 21.0.3 with PID 15836 (C:\Users\amjpa\IdeaProjects\spring-boot1\target\classes started by amjpa in C:\Users\amjpa\IdeaProjects\spring-boot1)
2025-04-14T21:21:07.898+02:00  INFO 15836 --- [spring-boot1] [restartedMain] c.a.spring_boot1.SpringBoot1Application  : The following 1 profile is active: "dev"
2025-04-14T21:21:07.954+02:00  INFO 15836 --- [spring-boot1] [restartedMain] .e.DevToolsPropertyDefaultsPostProcessor : Devtools property defaults active! Set 'spring.devtools.add-properties' to 'false' to disable
2025-04-14T21:21:07.955+02:00  INFO 15836 --- [spring-boot1] [restartedMain] .e.DevToolsPropertyDefaultsPostProcessor : For additional web related logging consider setting the 'logging.level.web' property to 'DEBUG'
2025-04-14T21:21:08.851+02:00  INFO 15836 --- [spring-boot1] [restartedMain] o.s.b.w.embedded.tomcat.TomcatWebServer  : Tomcat initialized with port 9090 (http)
2025-04-14T21:21:08.864+02:00  INFO 15836 --- [spring-boot1] [restartedMain] o.apache.catalina.core.StandardService   : Starting service [Tomcat]
2025-04-14T21:21:08.865+02:00  INFO 15836 --- [spring-boot1] [restartedMain] o.apache.catalina.core.StandardEngine    : Starting Servlet engine: [Apache Tomcat/10.1.39]
2025-04-14T21:21:08.900+02:00  INFO 15836 --- [spring-boot1] [restartedMain] o.a.c.c.C.[.[localhost].[/stones]        : Initializing Spring embedded WebApplicationContext
2025-04-14T21:21:08.901+02:00  INFO 15836 --- [spring-boot1] [restartedMain] w.s.c.ServletWebServerApplicationContext : Root WebApplicationContext: initialization completed in 944 ms
2025-04-14T21:21:08.951+02:00  WARN 15836 --- [spring-boot1] [restartedMain] ConfigServletWebServerApplicationContext : Exception encountered during context initialization - cancelling refresh attempt: org.springframework.beans.factory.UnsatisfiedDependencyException: Error creating bean with name 'springBoot1Application': Unsatisfied dependency expressed through field 'mindStone': No qualifying bean of type 'com.alejandromj.spring_boot1.models.Stone' available: expected at least 1 bean which qualifies as autowire candidate. Dependency annotations: {@org.springframework.beans.factory.annotation.Autowired(required=true), @org.springframework.beans.factory.annotation.Qualifier("mind")}
2025-04-14T21:21:08.956+02:00  INFO 15836 --- [spring-boot1] [restartedMain] o.apache.catalina.core.StandardService   : Stopping service [Tomcat]
2025-04-14T21:21:08.968+02:00  INFO 15836 --- [spring-boot1] [restartedMain] .s.b.a.l.ConditionEvaluationReportLogger : 

Error starting ApplicationContext. To display the condition evaluation report re-run your application with 'debug' enabled.
2025-04-14T21:21:08.994+02:00 ERROR 15836 --- [spring-boot1] [restartedMain] o.s.b.d.LoggingFailureAnalysisReporter   : 

***************************
APPLICATION FAILED TO START
***************************

Description:

Field mindStone in com.alejandromj.spring_boot1.SpringBoot1Application required a bean of type 'com.alejandromj.spring_boot1.models.Stone' that could not be found.

The injection point has the following annotations:
	- @org.springframework.beans.factory.annotation.Autowired(required=true)
	- @org.springframework.beans.factory.annotation.Qualifier("mind")


Action:

Consider defining a bean of type 'com.alejandromj.spring_boot1.models.Stone' in your configuration.

2025-04-14T21:35:14.256+02:00  INFO 5956 --- [spring-boot1] [restartedMain] c.a.spring_boot1.SpringBoot1Application  : Starting SpringBoot1Application using Java 21.0.3 with PID 5956 (C:\Users\amjpa\IdeaProjects\spring-boot1\target\classes started by amjpa in C:\Users\amjpa\IdeaProjects\spring-boot1)
2025-04-14T21:35:14.258+02:00  INFO 5956 --- [spring-boot1] [restartedMain] c.a.spring_boot1.SpringBoot1Application  : The following 1 profile is active: "dev"
2025-04-14T21:35:14.307+02:00  INFO 5956 --- [spring-boot1] [restartedMain] .e.DevToolsPropertyDefaultsPostProcessor : Devtools property defaults active! Set 'spring.devtools.add-properties' to 'false' to disable
2025-04-14T21:35:14.307+02:00  INFO 5956 --- [spring-boot1] [restartedMain] .e.DevToolsPropertyDefaultsPostProcessor : For additional web related logging consider setting the 'logging.level.web' property to 'DEBUG'
2025-04-14T21:35:15.241+02:00  INFO 5956 --- [spring-boot1] [restartedMain] o.s.b.w.embedded.tomcat.TomcatWebServer  : Tomcat initialized with port 9090 (http)
2025-04-14T21:35:15.253+02:00  INFO 5956 --- [spring-boot1] [restartedMain] o.apache.catalina.core.StandardService   : Starting service [Tomcat]
2025-04-14T21:35:15.253+02:00  INFO 5956 --- [spring-boot1] [restartedMain] o.apache.catalina.core.StandardEngine    : Starting Servlet engine: [Apache Tomcat/10.1.39]
2025-04-14T21:35:15.287+02:00  INFO 5956 --- [spring-boot1] [restartedMain] o.a.c.c.C.[.[localhost].[/stones]        : Initializing Spring embedded WebApplicationContext
2025-04-14T21:35:15.287+02:00  INFO 5956 --- [spring-boot1] [restartedMain] w.s.c.ServletWebServerApplicationContext : Root WebApplicationContext: initialization completed in 980 ms
2025-04-14T21:35:15.352+02:00  WARN 5956 --- [spring-boot1] [restartedMain] ConfigServletWebServerApplicationContext : Exception encountered during context initialization - cancelling refresh attempt: org.springframework.beans.factory.UnsatisfiedDependencyException: Error creating bean with name 'springBoot1Application': Unsatisfied dependency expressed through field 'mindStone': No qualifying bean of type 'com.alejandromj.spring_boot1.models.Stone' available: expected at least 1 bean which qualifies as autowire candidate. Dependency annotations: {@org.springframework.beans.factory.annotation.Autowired(required=true), @org.springframework.beans.factory.annotation.Qualifier("mind")}
2025-04-14T21:35:15.357+02:00  INFO 5956 --- [spring-boot1] [restartedMain] o.apache.catalina.core.StandardService   : Stopping service [Tomcat]
2025-04-14T21:35:15.372+02:00  INFO 5956 --- [spring-boot1] [restartedMain] .s.b.a.l.ConditionEvaluationReportLogger : 

Error starting ApplicationContext. To display the condition evaluation report re-run your application with 'debug' enabled.
2025-04-14T21:35:15.400+02:00 ERROR 5956 --- [spring-boot1] [restartedMain] o.s.b.d.LoggingFailureAnalysisReporter   : 

***************************
APPLICATION FAILED TO START
***************************

Description:

Field mindStone in com.alejandromj.spring_boot1.SpringBoot1Application required a bean of type 'com.alejandromj.spring_boot1.models.Stone' that could not be found.

The injection point has the following annotations:
	- @org.springframework.beans.factory.annotation.Autowired(required=true)
	- @org.springframework.beans.factory.annotation.Qualifier("mind")


Action:

Consider defining a bean of type 'com.alejandromj.spring_boot1.models.Stone' in your configuration.

