2025-04-15T11:02:39.691+02:00  INFO 14188 --- [spring-boot1] [restartedMain] c.a.spring_boot1.SpringBoot1Application  : Starting SpringBoot1Application using Java 21.0.3 with PID 14188 (C:\Users\amjpa\IdeaProjects\spring-boot1\target\classes started by amjpa in C:\Users\amjpa\IdeaProjects\spring-boot1)
2025-04-15T11:02:39.699+02:00  INFO 14188 --- [spring-boot1] [restartedMain] c.a.spring_boot1.SpringBoot1Application  : The following 1 profile is active: "movie"
2025-04-15T11:02:39.748+02:00  INFO 14188 --- [spring-boot1] [restartedMain] .e.DevToolsPropertyDefaultsPostProcessor : Devtools property defaults active! Set 'spring.devtools.add-properties' to 'false' to disable
2025-04-15T11:02:39.749+02:00  INFO 14188 --- [spring-boot1] [restartedMain] .e.DevToolsPropertyDefaultsPostProcessor : For additional web related logging consider setting the 'logging.level.web' property to 'DEBUG'
2025-04-15T11:02:40.808+02:00  INFO 14188 --- [spring-boot1] [restartedMain] o.s.b.w.embedded.tomcat.TomcatWebServer  : Tomcat initialized with port 9090 (http)
2025-04-15T11:02:40.826+02:00  INFO 14188 --- [spring-boot1] [restartedMain] o.apache.catalina.core.StandardService   : Starting service [Tomcat]
2025-04-15T11:02:40.826+02:00  INFO 14188 --- [spring-boot1] [restartedMain] o.apache.catalina.core.StandardEngine    : Starting Servlet engine: [Apache Tomcat/10.1.39]
2025-04-15T11:02:40.863+02:00  INFO 14188 --- [spring-boot1] [restartedMain] o.a.c.c.C.[.[localhost].[/movie-stones]  : Initializing Spring embedded WebApplicationContext
2025-04-15T11:02:40.864+02:00  INFO 14188 --- [spring-boot1] [restartedMain] w.s.c.ServletWebServerApplicationContext : Root WebApplicationContext: initialization completed in 1113 ms
2025-04-15T11:02:41.292+02:00  INFO 14188 --- [spring-boot1] [restartedMain] o.s.b.d.a.OptionalLiveReloadServer       : LiveReload server is running on port 35729
2025-04-15T11:02:41.326+02:00  INFO 14188 --- [spring-boot1] [restartedMain] o.s.b.w.embedded.tomcat.TomcatWebServer  : Tomcat started on port 9090 (http) with context path '/movie-stones'
2025-04-15T11:02:41.336+02:00  INFO 14188 --- [spring-boot1] [restartedMain] c.a.spring_boot1.SpringBoot1Application  : Started SpringBoot1Application in 2.116 seconds (process running for 2.554)
2025-04-15T11:03:02.422+02:00  INFO 14188 --- [spring-boot1] [SpringApplicationShutdownHook] o.s.b.w.e.tomcat.GracefulShutdown        : Commencing graceful shutdown. Waiting for active requests to complete
2025-04-15T11:03:02.429+02:00  INFO 14188 --- [spring-boot1] [tomcat-shutdown] o.s.b.w.e.tomcat.GracefulShutdown        : Graceful shutdown complete
2025-04-15T11:11:44.793+02:00  INFO 17896 --- [spring-boot1] [restartedMain] c.a.spring_boot1.SpringBoot1Application  : Starting SpringBoot1Application using Java 21.0.3 with PID 17896 (C:\Users\amjpa\IdeaProjects\spring-boot1\target\classes started by amjpa in C:\Users\amjpa\IdeaProjects\spring-boot1)
2025-04-15T11:11:44.795+02:00  INFO 17896 --- [spring-boot1] [restartedMain] c.a.spring_boot1.SpringBoot1Application  : The following 1 profile is active: "movie"
2025-04-15T11:11:44.852+02:00  INFO 17896 --- [spring-boot1] [restartedMain] .e.DevToolsPropertyDefaultsPostProcessor : Devtools property defaults active! Set 'spring.devtools.add-properties' to 'false' to disable
2025-04-15T11:11:44.852+02:00  INFO 17896 --- [spring-boot1] [restartedMain] .e.DevToolsPropertyDefaultsPostProcessor : For additional web related logging consider setting the 'logging.level.web' property to 'DEBUG'
2025-04-15T11:11:45.883+02:00  INFO 17896 --- [spring-boot1] [restartedMain] o.s.b.w.embedded.tomcat.TomcatWebServer  : Tomcat initialized with port 9090 (http)
2025-04-15T11:11:45.898+02:00  INFO 17896 --- [spring-boot1] [restartedMain] o.apache.catalina.core.StandardService   : Starting service [Tomcat]
2025-04-15T11:11:45.898+02:00  INFO 17896 --- [spring-boot1] [restartedMain] o.apache.catalina.core.StandardEngine    : Starting Servlet engine: [Apache Tomcat/10.1.39]
2025-04-15T11:11:45.933+02:00  INFO 17896 --- [spring-boot1] [restartedMain] o.a.c.c.C.[.[localhost].[/movie-stones]  : Initializing Spring embedded WebApplicationContext
2025-04-15T11:11:45.933+02:00  INFO 17896 --- [spring-boot1] [restartedMain] w.s.c.ServletWebServerApplicationContext : Root WebApplicationContext: initialization completed in 1080 ms
2025-04-15T11:11:46.290+02:00  INFO 17896 --- [spring-boot1] [restartedMain] o.s.b.d.a.OptionalLiveReloadServer       : LiveReload server is running on port 35729
2025-04-15T11:11:46.327+02:00  INFO 17896 --- [spring-boot1] [restartedMain] o.s.b.w.embedded.tomcat.TomcatWebServer  : Tomcat started on port 9090 (http) with context path '/movie-stones'
2025-04-15T11:11:46.338+02:00  INFO 17896 --- [spring-boot1] [restartedMain] c.a.spring_boot1.SpringBoot1Application  : Started SpringBoot1Application in 2.001 seconds (process running for 2.398)
2025-04-15T11:11:51.390+02:00  INFO 17896 --- [spring-boot1] [SpringApplicationShutdownHook] o.s.b.w.e.tomcat.GracefulShutdown        : Commencing graceful shutdown. Waiting for active requests to complete
2025-04-15T11:11:51.395+02:00  INFO 17896 --- [spring-boot1] [tomcat-shutdown] o.s.b.w.e.tomcat.GracefulShutdown        : Graceful shutdown complete
2025-04-15T11:21:57.450+02:00  INFO 11260 --- [spring-boot1] [restartedMain] c.a.spring_boot1.SpringBoot1Application  : Starting SpringBoot1Application using Java 21.0.3 with PID 11260 (C:\Users\amjpa\IdeaProjects\spring-boot1\target\classes started by amjpa in C:\Users\amjpa\IdeaProjects\spring-boot1)
2025-04-15T11:21:57.456+02:00  INFO 11260 --- [spring-boot1] [restartedMain] c.a.spring_boot1.SpringBoot1Application  : The following 1 profile is active: "movie"
2025-04-15T11:21:57.501+02:00  INFO 11260 --- [spring-boot1] [restartedMain] .e.DevToolsPropertyDefaultsPostProcessor : Devtools property defaults active! Set 'spring.devtools.add-properties' to 'false' to disable
2025-04-15T11:21:57.501+02:00  INFO 11260 --- [spring-boot1] [restartedMain] .e.DevToolsPropertyDefaultsPostProcessor : For additional web related logging consider setting the 'logging.level.web' property to 'DEBUG'
2025-04-15T11:21:58.516+02:00  INFO 11260 --- [spring-boot1] [restartedMain] o.s.b.w.embedded.tomcat.TomcatWebServer  : Tomcat initialized with port 9090 (http)
2025-04-15T11:21:58.529+02:00  INFO 11260 --- [spring-boot1] [restartedMain] o.apache.catalina.core.StandardService   : Starting service [Tomcat]
2025-04-15T11:21:58.529+02:00  INFO 11260 --- [spring-boot1] [restartedMain] o.apache.catalina.core.StandardEngine    : Starting Servlet engine: [Apache Tomcat/10.1.39]
2025-04-15T11:21:58.561+02:00  INFO 11260 --- [spring-boot1] [restartedMain] o.a.c.c.C.[.[localhost].[/movie-stones]  : Initializing Spring embedded WebApplicationContext
2025-04-15T11:21:58.562+02:00  INFO 11260 --- [spring-boot1] [restartedMain] w.s.c.ServletWebServerApplicationContext : Root WebApplicationContext: initialization completed in 1061 ms
2025-04-15T11:21:58.963+02:00  INFO 11260 --- [spring-boot1] [restartedMain] o.s.b.d.a.OptionalLiveReloadServer       : LiveReload server is running on port 35729
2025-04-15T11:21:58.997+02:00  INFO 11260 --- [spring-boot1] [restartedMain] o.s.b.w.embedded.tomcat.TomcatWebServer  : Tomcat started on port 9090 (http) with context path '/movie-stones'
2025-04-15T11:21:59.005+02:00  INFO 11260 --- [spring-boot1] [restartedMain] c.a.spring_boot1.SpringBoot1Application  : Started SpringBoot1Application in 2.044 seconds (process running for 2.487)
2025-04-15T11:22:47.154+02:00  INFO 11260 --- [spring-boot1] [SpringApplicationShutdownHook] o.s.b.w.e.tomcat.GracefulShutdown        : Commencing graceful shutdown. Waiting for active requests to complete
2025-04-15T11:22:47.159+02:00  INFO 11260 --- [spring-boot1] [tomcat-shutdown] o.s.b.w.e.tomcat.GracefulShutdown        : Graceful shutdown complete
2025-04-15T11:27:48.115+02:00  INFO 17256 --- [spring-boot1] [restartedMain] c.a.spring_boot1.SpringBoot1Application  : Starting SpringBoot1Application using Java 21.0.3 with PID 17256 (C:\Users\amjpa\IdeaProjects\spring-boot1\target\classes started by amjpa in C:\Users\amjpa\IdeaProjects\spring-boot1)
2025-04-15T11:27:48.118+02:00  INFO 17256 --- [spring-boot1] [restartedMain] c.a.spring_boot1.SpringBoot1Application  : The following 1 profile is active: "movie"
2025-04-15T11:27:48.169+02:00  INFO 17256 --- [spring-boot1] [restartedMain] .e.DevToolsPropertyDefaultsPostProcessor : Devtools property defaults active! Set 'spring.devtools.add-properties' to 'false' to disable
2025-04-15T11:27:48.169+02:00  INFO 17256 --- [spring-boot1] [restartedMain] .e.DevToolsPropertyDefaultsPostProcessor : For additional web related logging consider setting the 'logging.level.web' property to 'DEBUG'
2025-04-15T11:27:49.167+02:00  INFO 17256 --- [spring-boot1] [restartedMain] o.s.b.w.embedded.tomcat.TomcatWebServer  : Tomcat initialized with port 9090 (http)
2025-04-15T11:27:49.182+02:00  INFO 17256 --- [spring-boot1] [restartedMain] o.apache.catalina.core.StandardService   : Starting service [Tomcat]
2025-04-15T11:27:49.183+02:00  INFO 17256 --- [spring-boot1] [restartedMain] o.apache.catalina.core.StandardEngine    : Starting Servlet engine: [Apache Tomcat/10.1.39]
2025-04-15T11:27:49.217+02:00  INFO 17256 --- [spring-boot1] [restartedMain] o.a.c.c.C.[.[localhost].[/movie-stones]  : Initializing Spring embedded WebApplicationContext
2025-04-15T11:27:49.217+02:00  INFO 17256 --- [spring-boot1] [restartedMain] w.s.c.ServletWebServerApplicationContext : Root WebApplicationContext: initialization completed in 1048 ms
2025-04-15T11:27:49.285+02:00  INFO 17256 --- [spring-boot1] [restartedMain] c.a.s.configs.StoneConfigsMovie          : Loading subtitles: http://movie.xyz, with profile: movie
2025-04-15T11:27:49.605+02:00  INFO 17256 --- [spring-boot1] [restartedMain] o.s.b.d.a.OptionalLiveReloadServer       : LiveReload server is running on port 35729
2025-04-15T11:27:49.639+02:00  INFO 17256 --- [spring-boot1] [restartedMain] o.s.b.w.embedded.tomcat.TomcatWebServer  : Tomcat started on port 9090 (http) with context path '/movie-stones'
2025-04-15T11:27:49.648+02:00  INFO 17256 --- [spring-boot1] [restartedMain] c.a.spring_boot1.SpringBoot1Application  : Started SpringBoot1Application in 1.999 seconds (process running for 2.413)
2025-04-15T11:27:56.595+02:00  INFO 17256 --- [spring-boot1] [SpringApplicationShutdownHook] o.s.b.w.e.tomcat.GracefulShutdown        : Commencing graceful shutdown. Waiting for active requests to complete
2025-04-15T11:27:56.601+02:00  INFO 17256 --- [spring-boot1] [tomcat-shutdown] o.s.b.w.e.tomcat.GracefulShutdown        : Graceful shutdown complete
2025-04-15T11:28:40.540+02:00  INFO 6860 --- [spring-boot1] [restartedMain] c.a.spring_boot1.SpringBoot1Application  : Starting SpringBoot1Application using Java 21.0.3 with PID 6860 (C:\Users\amjpa\IdeaProjects\spring-boot1\target\classes started by amjpa in C:\Users\amjpa\IdeaProjects\spring-boot1)
2025-04-15T11:28:40.542+02:00  INFO 6860 --- [spring-boot1] [restartedMain] c.a.spring_boot1.SpringBoot1Application  : The following 1 profile is active: "movie"
2025-04-15T11:28:40.602+02:00  INFO 6860 --- [spring-boot1] [restartedMain] .e.DevToolsPropertyDefaultsPostProcessor : Devtools property defaults active! Set 'spring.devtools.add-properties' to 'false' to disable
2025-04-15T11:28:40.602+02:00  INFO 6860 --- [spring-boot1] [restartedMain] .e.DevToolsPropertyDefaultsPostProcessor : For additional web related logging consider setting the 'logging.level.web' property to 'DEBUG'
2025-04-15T11:28:41.630+02:00  INFO 6860 --- [spring-boot1] [restartedMain] o.s.b.w.embedded.tomcat.TomcatWebServer  : Tomcat initialized with port 9090 (http)
2025-04-15T11:28:41.651+02:00  INFO 6860 --- [spring-boot1] [restartedMain] o.apache.catalina.core.StandardService   : Starting service [Tomcat]
2025-04-15T11:28:41.652+02:00  INFO 6860 --- [spring-boot1] [restartedMain] o.apache.catalina.core.StandardEngine    : Starting Servlet engine: [Apache Tomcat/10.1.39]
2025-04-15T11:28:41.694+02:00  INFO 6860 --- [spring-boot1] [restartedMain] o.a.c.c.C.[.[localhost].[/movie-stones]  : Initializing Spring embedded WebApplicationContext
2025-04-15T11:28:41.695+02:00  INFO 6860 --- [spring-boot1] [restartedMain] w.s.c.ServletWebServerApplicationContext : Root WebApplicationContext: initialization completed in 1093 ms
2025-04-15T11:28:41.758+02:00  INFO 6860 --- [spring-boot1] [restartedMain] c.a.s.configs.StoneConfigsMovie          : Loading subtitles: http://movie.xyz, with profile: movie
2025-04-15T11:28:42.077+02:00  INFO 6860 --- [spring-boot1] [restartedMain] o.s.b.d.a.OptionalLiveReloadServer       : LiveReload server is running on port 35729
2025-04-15T11:28:42.112+02:00  INFO 6860 --- [spring-boot1] [restartedMain] o.s.b.w.embedded.tomcat.TomcatWebServer  : Tomcat started on port 9090 (http) with context path '/movie-stones'
2025-04-15T11:28:42.121+02:00  INFO 6860 --- [spring-boot1] [restartedMain] c.a.spring_boot1.SpringBoot1Application  : Started SpringBoot1Application in 2.049 seconds (process running for 2.509)
